<?xml version="1.0" encoding="UTF-8"?>
<!-- Generated by org.testng.reporters.JUnitXMLReporter -->
<testsuite ignored="2" hostname="DESKTOP-FD4DE75" failures="0" tests="4" name="Test" time="0.067" errors="0" timestamp="2023-04-12T17:07:02 IST">
  <testcase classname="Projects.Dummy.Class_Two" name="g" time="0.01"/>
  <testcase classname="Projects.Dummy.Class_Two" name="f" time="0.001"/>
  <testcase classname="Projects.Dummy.Class_One" name="a" time="0.003"/>
  <testcase classname="Projects.Dummy.Class_One" name="b" time="0.002"/>
  <testcase classname="Projects.Dummy.Class_One" name="c" time="0.0">
    <ignored/>
  </testcase> <!-- c -->
  <testcase classname="Projects.Dummy.Class_Two" name="e" time="0.0">
    <ignored/>
  </testcase> <!-- e -->
</testsuite> <!-- Test -->
