<?xml version="1.0" encoding="UTF-8"?>
<testng-results ignored="0" total="1" passed="1" failed="0" skipped="0">
  <reporter-output>
  </reporter-output>
  <suite started-at="2023-05-08T17:20:53 IST" name="Default suite" finished-at="2023-05-08T17:21:30 IST" duration-ms="37141">
    <groups>
    </groups>
    <test started-at="2023-05-08T17:20:53 IST" name="Default test" finished-at="2023-05-08T17:21:30 IST" duration-ms="37141">
      <class name="central.reports.Bulk_GRN_Upload">
        <test-method signature="Grn_Upload()[pri:0, instance:central.reports.Bulk_GRN_Upload@2b91004a]" started-at="2023-05-08T17:20:53 IST" name="Grn_Upload" finished-at="2023-05-08T17:21:30 IST" duration-ms="37092" status="PASS">
          <reporter-output>
          </reporter-output>
        </test-method> <!-- Grn_Upload -->
      </class> <!-- central.reports.Bulk_GRN_Upload -->
    </test> <!-- Default test -->
  </suite> <!-- Default suite -->
</testng-results>
